Information: Updating design information... (UID-85)
 
****************************************
Report : timing
        -path full
        -delay min
        -max_paths 1
Design : MyDesign
Version: S-2021.06-SP3
Date   : Mon Nov 28 23:18:42 2022
****************************************

Operating Conditions: fast   Library: NangateOpenCellLibrary_PDKv1_2_v2008_10_fast_nldm
Wire Load Model Mode: top

  Startpoint: write_address_counter_reg[10]
              (rising edge-triggered flip-flop clocked by clk)
  Endpoint: write_address_counter_reg[10]
            (rising edge-triggered flip-flop clocked by clk)
  Path Group: clk
  Path Type: min

  Point                                                   Incr       Path
  --------------------------------------------------------------------------
  clock clk (rise edge)                                 0.0000     0.0000
  clock network delay (ideal)                           0.0000     0.0000
  write_address_counter_reg[10]/CK (DFF_X1)             0.0000     0.0000 r
  write_address_counter_reg[10]/Q (DFF_X1)              0.0619     0.0619 r
  U12163/ZN (OAI21_X1)                                  0.0198     0.0817 f
  write_address_counter_reg[10]/D (DFF_X1)              0.0000     0.0817 f
  data arrival time                                                0.0817

  clock clk (rise edge)                                 0.0000     0.0000
  clock network delay (ideal)                           0.0000     0.0000
  clock uncertainty                                     0.0500     0.0500
  write_address_counter_reg[10]/CK (DFF_X1)             0.0000     0.0500 r
  library hold time                                     0.0006     0.0506
  data required time                                               0.0506
  --------------------------------------------------------------------------
  data required time                                               0.0506
  data arrival time                                               -0.0817
  --------------------------------------------------------------------------
  slack (MET)                                                      0.0311


1
